Loading db file '/home/raid2_2/course/cvsd/CBDK_IC_Contest/CIC/SynopsysDC/db/slow.db'
Information: Propagating switching activity (low effort zero delay simulation). (PWR-6)
Warning: Design has unannotated primary inputs. (PWR-414)
Warning: Design has unannotated sequential cell outputs. (PWR-415)
 
****************************************
Report : power
        -analysis_effort low
Design : DPA
Version: G-2012.06
Date   : Thu Nov 12 23:02:44 2015
****************************************


Library(s) Used:

    slow (File: /home/raid2_2/course/cvsd/CBDK_IC_Contest/CIC/SynopsysDC/db/slow.db)


Operating Conditions: slow   Library: slow
Wire Load Model Mode: top

Design        Wire Load Model            Library
------------------------------------------------
DPA                    tsmc13_wl10       slow


Global Operating Voltage = 1.08 
Power-specific unit information :
    Voltage Units = 1V
    Capacitance Units = 1.000000pf
    Time Units = 1ns
    Dynamic Power Units = 1mW    (derived from V,C,T units)
    Leakage Power Units = 1pW


  Cell Internal Power  =   5.2282 uW   (59%)
  Net Switching Power  =   3.6249 uW   (41%)
                         ---------
Total Dynamic Power    =   8.8531 uW  (100%)

Cell Leakage Power     =  24.6857 uW


                 Internal         Switching           Leakage            Total
Power Group      Power            Power               Power              Power   (   %    )  Attrs
--------------------------------------------------------------------------------------------------
io_pad             0.0000            0.0000            0.0000            0.0000  (   0.00%)
memory             0.0000            0.0000            0.0000            0.0000  (   0.00%)
black_box          0.0000            0.0000            0.0000            0.0000  (   0.00%)
clock_network      0.0000            0.0000            0.0000            0.0000  (   0.00%)
register       4.8498e-03        4.3082e-04        6.4950e+06        1.1776e-02  (  35.11%)
sequential         0.0000            0.0000            0.0000            0.0000  (   0.00%)
combinational  3.7840e-04        3.1941e-03        1.8191e+07        2.1763e-02  (  64.89%)
--------------------------------------------------------------------------------------------------
Total          5.2282e-03 mW     3.6249e-03 mW     2.4686e+07 pW     3.3539e-02 mW
1
